2024-07-13T13:13:29+00:00 NOTICE admin :: finished oauth
2024-07-13T16:55:56+00:00 NOTICE sync_store :: posting data :: Array
(
    [store_post] => Array
        (
            [id] => 667ebbf6547cb
            [is_syncing] => 
            [platform] => woocommerce
            [list_id] => 8a9cae61dc
            [name] => Next
            [domain] => http://localhost/nextx
            [email_address] => next@gmail.com
            [currency_code] => PKR
            [money_format] => ₨
            [primary_locale] => en_US
            [timezone] => +00:00
            [address] => Array
                (
                    [address1] => G83F+F28, Jevan Hana Ali Block Garden Town, Lahore, Punjab, Pakistan G83F+F28, Jevan Hana Ali Block Garden Town, Lahore, Punjab, Pakistan
                    [city] => Lahore
                    [province] => PB
                    [postal_code] => 54000
                    [country] => PK
                    [country_code] => PK
                    [company] => Next
                )

        )

)

2024-07-13T16:59:29+00:00 NOTICE sync_store :: posting data :: Array
(
    [store_post] => Array
        (
            [id] => 667ebbf6547cb
            [is_syncing] => 
            [platform] => woocommerce
            [list_id] => 8a9cae61dc
            [name] => Next
            [domain] => http://localhost/nextx
            [email_address] => next@gmail.com
            [currency_code] => PKR
            [money_format] => ₨
            [primary_locale] => en_US
            [timezone] => +00:00
            [address] => Array
                (
                    [address1] => G83F+F28, Jevan Hana Ali Block Garden Town, Lahore, Punjab, Pakistan G83F+F28, Jevan Hana Ali Block Garden Town, Lahore, Punjab, Pakistan
                    [city] => Lahore
                    [province] => PB
                    [postal_code] => 54000
                    [country] => PK
                    [country_code] => PK
                    [company] => Next
                )

        )

)

2024-07-13T17:01:11+00:00 NOTICE admin :: updated GDPR fields :: Array
(
    [fields] => Array
        (
        )

)

2024-07-13T17:07:36+00:00 NOTICE admin :: updated GDPR fields :: Array
(
    [fields] => Array
        (
        )

)

2024-07-13T17:47:12+00:00 NOTICE admin :: updated GDPR fields :: Array
(
    [fields] => Array
        (
        )

)

2024-07-13T18:01:19+00:00 NOTICE admin :: updated GDPR fields :: Array
(
    [fields] => Array
        (
        )

)

2024-07-13T18:04:42+00:00 NOTICE admin :: finished oauth
