2024-07-17T04:21:27+00:00 NOTICE action_scheduler.queue_job :: MailChimp_WooCommerce_Single_Order starts in 90 seconds :: obj_id 3714
2024-07-17T04:23:13+00:00 NOTICE order_process :: Order #3714 skipped, user #1 user role is not in the list
2024-07-17T04:48:30+00:00 NOTICE handleOrderUpdate :: order_status
2024-07-17T04:48:32+00:00 NOTICE handleOrderUpdate :: order_status
2024-07-17T04:48:32+00:00 NOTICE handleOrderUpdate :: order_status
2024-07-17T04:48:32+00:00 NOTICE handleOrderUpdate :: order_status
2024-07-17T04:48:32+00:00 NOTICE handleOrderUpdate :: order_status
2024-07-17T04:48:33+00:00 NOTICE action_scheduler.queue_job :: MailChimp_WooCommerce_Single_Order starts in 90 seconds :: obj_id 3717
2024-07-17T04:48:33+00:00 NOTICE action_scheduler.queue_job :: MailChimp_WooCommerce_Single_Order starts in 90 seconds :: obj_id 3718
2024-07-17T04:48:33+00:00 NOTICE handleOrderUpdate :: order_status
2024-07-17T04:48:33+00:00 NOTICE handleOrderUpdate :: order_status
2024-07-17T04:48:38+00:00 NOTICE handleOrderUpdate :: order_status
2024-07-17T04:48:38+00:00 NOTICE handleOrderUpdate :: order_status
2024-07-17T04:48:38+00:00 NOTICE handleOrderUpdate :: order_status
2024-07-17T04:48:38+00:00 NOTICE handleOrderUpdate :: order_status
2024-07-17T04:48:39+00:00 NOTICE handleOrderUpdate :: order_status
2024-07-17T04:48:39+00:00 NOTICE handleOrderUpdate :: order_status
2024-07-17T04:48:39+00:00 NOTICE handleOrderUpdate :: order_status
2024-07-17T04:48:39+00:00 NOTICE handleOrderUpdate :: order_status
2024-07-17T04:48:39+00:00 NOTICE handleOrderUpdate :: order_status
2024-07-17T04:48:40+00:00 NOTICE handleOrderUpdate :: order_status
2024-07-17T04:48:40+00:00 NOTICE handleOrderUpdate :: order_status
2024-07-17T04:48:40+00:00 NOTICE handleOrderUpdate :: order_status
2024-07-17T04:48:49+00:00 NOTICE handleOrderUpdate :: order_status
2024-07-17T04:48:49+00:00 NOTICE handleOrderUpdate :: order_status
2024-07-17T04:48:49+00:00 NOTICE handleOrderUpdate :: order_status
2024-07-17T04:48:50+00:00 NOTICE handleOrderUpdate :: order_status
2024-07-17T04:48:50+00:00 NOTICE debug :: Order ID 3717 was pending and is now processing :: Array
(
    [new_order] => 1
    [tracking] => Array
        (
            [landing_site] => http://localhost/nextx/nextx/checkout/
        )

)

2024-07-17T04:48:50+00:00 NOTICE handleOrderUpdate :: order_status
2024-07-17T04:48:50+00:00 NOTICE debug :: Order ID 3718 was pending and is now processing :: Array
(
    [new_order] => 1
    [tracking] => Array
        (
            [landing_site] => http://localhost/nextx/nextx/checkout/
        )

)

2024-07-17T04:48:50+00:00 NOTICE handleOrderUpdate :: order_status
2024-07-17T04:51:20+00:00 NOTICE order_process :: Order #3717 skipped, user #1 user role is not in the list
2024-07-17T04:52:03+00:00 NOTICE order_process :: Order #3718 skipped, user #1 user role is not in the list
